/usr/bin/uuidgen: /apps/spack/gilbreth/apps/anaconda/2020.11-py38-gcc-4.8.5-djkvkvk/lib/libuuid.so.1: no version information available (required by /usr/bin/uuidgen)
/home/vciroski/.local/lib/python3.8/site-packages/pydot.py:17: UserWarning: `pydot` could not import `dot_parser`, so `pydot` will be unable to parse DOT files. The error was:  No module named 'pyparsing'
  warnings.warn(
/home/vciroski/.conda/envs/cent7/2020.11-py38/elab_2/lib/python3.8/site-packages/transformers/utils/hub.py:123: FutureWarning: Using `TRANSFORMERS_CACHE` is deprecated and will be removed in v5 of Transformers. Use `HF_HOME` instead.
  warnings.warn(
/home/vciroski/.conda/envs/cent7/2020.11-py38/elab_2/lib/python3.8/site-packages/transformers/models/auto/configuration_auto.py:1067: FutureWarning: The `use_auth_token` argument is deprecated and will be removed in v5 of Transformers. Please use `token` instead.
  warnings.warn(
/home/vciroski/.conda/envs/cent7/2020.11-py38/elab_2/lib/python3.8/site-packages/transformers/models/auto/auto_factory.py:472: FutureWarning: The `use_auth_token` argument is deprecated and will be removed in v5 of Transformers. Please use `token` instead.
  warnings.warn(
Downloading shards:   0%|          | 0/2 [00:00<?, ?it/s]Downloading shards: 100%|██████████| 2/2 [00:00<00:00, 761.08it/s]
Loading checkpoint shards:   0%|          | 0/2 [00:00<?, ?it/s]Loading checkpoint shards:  50%|█████     | 1/2 [00:08<00:08,  8.71s/it]Loading checkpoint shards: 100%|██████████| 2/2 [00:12<00:00,  6.01s/it]Loading checkpoint shards: 100%|██████████| 2/2 [00:12<00:00,  6.42s/it]
/home/vciroski/.conda/envs/cent7/2020.11-py38/elab_2/lib/python3.8/site-packages/transformers/models/auto/tokenization_auto.py:690: FutureWarning: The `use_auth_token` argument is deprecated and will be removed in v5 of Transformers. Please use `token` instead.
  warnings.warn(
Traceback (most recent call last):
  File "test.py", line 85, in <module>
    print(print(res[0]["generated_text"]))
TypeError: string indices must be integers
srun: error: gilbreth-k035: task 0: Exited with exit code 1
